<?xml version="1.0" encoding="UTF-8"?>
<robot generator="Robot 3.2.1 (Python 3.7.2 on win32)" generated="20210616 15:47:55.188" rpa="false">
<suite id="s1" name="Afnor Test" source="C:\Users\nawal\rahmate\afnor_test">
<suite id="s1-s1" name="Test Authentification" source="C:\Users\nawal\rahmate\afnor_test\test_authentification.robot">
<test id="s1-s1-t1" name="myTest">
<kw name="Open Browser" library="SeleniumLibrary">
<doc>Opens a new browser instance to the optional ``url``.</doc>
<arguments>
<arg>http://localhost:8084/Afnor_project/login.jsp</arg>
<arg>chrome</arg>
</arguments>
<msg timestamp="20210616 15:47:55.466" level="INFO">Opening browser 'chrome' to base url 'http://localhost:8084/Afnor_project/login.jsp'.</msg>
<status status="PASS" starttime="20210616 15:47:55.465" endtime="20210616 15:47:56.759"></status>
</kw>
<kw name="Set Browser Implicit Wait" library="SeleniumLibrary">
<doc>Sets the implicit wait value used by Selenium.</doc>
<arguments>
<arg>5</arg>
</arguments>
<status status="PASS" starttime="20210616 15:47:56.759" endtime="20210616 15:47:56.763"></status>
</kw>
<kw name="Input Text" library="SeleniumLibrary">
<doc>Types the given ``text`` into the text field identified by ``locator``.</doc>
<arguments>
<arg>id=txtUsername</arg>
<arg>nawal</arg>
</arguments>
<msg timestamp="20210616 15:47:56.765" level="INFO">Typing text 'nawal' into text field 'id=txtUsername'.</msg>
<status status="PASS" starttime="20210616 15:47:56.764" endtime="20210616 15:47:56.892"></status>
</kw>
<kw name="Sleep" library="BuiltIn">
<doc>Pauses the test executed for the given time.</doc>
<arguments>
<arg>3</arg>
</arguments>
<msg timestamp="20210616 15:47:59.895" level="INFO">Slept 3 seconds</msg>
<status status="PASS" starttime="20210616 15:47:56.893" endtime="20210616 15:47:59.895"></status>
</kw>
<kw name="Input Password" library="SeleniumLibrary">
<doc>Types the given password into the text field identified by ``locator``.</doc>
<arguments>
<arg>id=txtPassword</arg>
<arg>nawal</arg>
</arguments>
<msg timestamp="20210616 15:47:59.896" level="INFO">Typing password into text field 'id=txtPassword'.</msg>
<msg timestamp="20210616 15:47:59.935" level="INFO">Temporally setting log level to: NONE</msg>
<msg timestamp="20210616 15:47:59.973" level="INFO">Log level changed from NONE to INFO.</msg>
<status status="PASS" starttime="20210616 15:47:59.895" endtime="20210616 15:47:59.973"></status>
</kw>
<kw name="Sleep" library="BuiltIn">
<doc>Pauses the test executed for the given time.</doc>
<arguments>
<arg>3</arg>
</arguments>
<msg timestamp="20210616 15:48:02.977" level="INFO">Slept 3 seconds</msg>
<status status="PASS" starttime="20210616 15:47:59.973" endtime="20210616 15:48:02.977"></status>
</kw>
<kw name="Click Button" library="SeleniumLibrary">
<doc>Clicks the button identified by ``locator``.</doc>
<arguments>
<arg>id=btnLogin</arg>
</arguments>
<msg timestamp="20210616 15:48:02.979" level="INFO">Clicking button 'id=btnLogin'.</msg>
<status status="PASS" starttime="20210616 15:48:02.978" endtime="20210616 15:48:03.077"></status>
</kw>
<kw name="Sleep" library="BuiltIn">
<doc>Pauses the test executed for the given time.</doc>
<arguments>
<arg>5</arg>
</arguments>
<msg timestamp="20210616 15:48:08.080" level="INFO">Slept 5 seconds</msg>
<status status="PASS" starttime="20210616 15:48:03.077" endtime="20210616 15:48:08.080"></status>
</kw>
<kw name="Close Browser" library="SeleniumLibrary">
<doc>Closes the current browser.</doc>
<status status="PASS" starttime="20210616 15:48:08.081" endtime="20210616 15:48:10.241"></status>
</kw>
<kw name="Log" library="BuiltIn">
<doc>Logs the given message with the given level.</doc>
<arguments>
<arg>test completed</arg>
</arguments>
<msg timestamp="20210616 15:48:10.245" level="INFO">test completed</msg>
<status status="PASS" starttime="20210616 15:48:10.242" endtime="20210616 15:48:10.246"></status>
</kw>
<tags>
<tag>smoke</tag>
</tags>
<status status="PASS" starttime="20210616 15:47:55.464" endtime="20210616 15:48:10.247" critical="yes"></status>
</test>
<status status="PASS" starttime="20210616 15:47:55.254" endtime="20210616 15:48:10.250"></status>
</suite>
<status status="PASS" starttime="20210616 15:47:55.226" endtime="20210616 15:48:10.258"></status>
</suite>
<statistics>
<total>
<stat pass="1" fail="0">Critical Tests</stat>
<stat pass="1" fail="0">All Tests</stat>
</total>
<tag>
<stat pass="1" fail="0">smoke</stat>
</tag>
<suite>
<stat pass="1" fail="0" id="s1" name="Afnor Test">Afnor Test</stat>
<stat pass="1" fail="0" id="s1-s1" name="Test Authentification">Afnor Test.Test Authentification</stat>
</suite>
</statistics>
<errors>
</errors>
</robot>
